<?xml version="1.0" encoding="UTF-8"?>
<!-- Generated by org.testng.reporters.JUnitReportReporter -->
<testsuite skipped="0" hostname="DESKTOP-OCIPN57" name="com.Tests.API_Test01" tests="5" failures="0" timestamp="2021-05-28T21:18:10 IST" time="10.795" errors="0">
  <testcase name="verifyResponseCode" time="1.735" classname="com.Tests.API_Test01"/>
  <testcase name="verify_ID" time="1.599" classname="com.Tests.API_Test01"/>
  <testcase name="verifyAPIResponseTime" time="3.402" classname="com.Tests.API_Test01"/>
  <testcase name="verifyResponseStatus" time="1.807" classname="com.Tests.API_Test01"/>
  <testcase name="verify_FlightNumber" time="2.252" classname="com.Tests.API_Test01"/>
</testsuite> <!-- com.Tests.API_Test01 -->
