<?xml version="1.0" encoding="UTF-8"?>
<!-- Generated by org.testng.reporters.JUnitReportReporter -->
<testsuite skipped="0" hostname="DESKTOP-OCIPN57" name="com.Tests.API_Test01" tests="5" failures="0" timestamp="2021-05-28T21:40:53 IST" time="11.951" errors="0">
  <testcase name="verify_ID" time="1.578" classname="com.Tests.API_Test01"/>
  <system-out/>
  <testcase name="verifyResponseStatus" time="1.932" classname="com.Tests.API_Test01"/>
  <system-out/>
  <testcase name="verify_FlightNumber" time="2.565" classname="com.Tests.API_Test01"/>
  <system-out/>
  <testcase name="verifyResponseCode" time="1.961" classname="com.Tests.API_Test01"/>
  <system-out/>
  <testcase name="verifyAPIResponseTime" time="3.915" classname="com.Tests.API_Test01"/>
  <system-out/>
</testsuite> <!-- com.Tests.API_Test01 -->
